<?xml version="1.0" encoding="UTF-8"?>
<testng-results ignored="0" total="1" passed="1" failed="0" skipped="0">
  <reporter-output>
  </reporter-output>
  <suite started-at="2020-12-21T22:04:48 EST" name="Suite" finished-at="2020-12-21T22:05:11 EST" duration-ms="23098">
    <groups>
    </groups>
    <test started-at="2020-12-21T22:04:48 EST" name="Test" finished-at="2020-12-21T22:05:11 EST" duration-ms="23098">
      <class name="pak2.Dayy2">
        <test-method is-config="true" signature="Setup()[pri:0, instance:pak2.Dayy2@10a035a0]" started-at="2020-12-21T22:04:48 EST" name="Setup" finished-at="2020-12-21T22:05:10 EST" duration-ms="21905" status="PASS">
          <reporter-output>
          </reporter-output>
        </test-method> <!-- Setup -->
        <test-method signature="OpenSignInPage()[pri:0, instance:pak2.Dayy2@10a035a0]" started-at="2020-12-21T22:05:10 EST" name="OpenSignInPage" finished-at="2020-12-21T22:05:11 EST" duration-ms="1180" status="PASS">
          <reporter-output>
          </reporter-output>
        </test-method> <!-- OpenSignInPage -->
      </class> <!-- pak2.Dayy2 -->
    </test> <!-- Test -->
  </suite> <!-- Suite -->
</testng-results>
